<?xml version="1.0" encoding="UTF-8"?>
<!-- Generated by org.testng.reporters.JUnitReportReporter -->
<testsuite hostname="DESKTOP-MUL5T3T" name="com.learntesting.testcases.TC_LoginTest_001" tests="1" failures="0" timestamp="29 Jul 2022 10:26:13 GMT" time="7.413" errors="0">
  <testcase name="loginTest" time="7.413" classname="com.learntesting.testcases.TC_LoginTest_001"/>
</testsuite> <!-- com.learntesting.testcases.TC_LoginTest_001 -->
